2021-08-30 18:23:30,828 - SSH_Parser - INFO - 5425 - ############### INITIALIZING THE SCRIPT ###############
2021-08-30 18:23:45,858 - SSH_Parser - INFO - 5425 - Connecting to the device: 192.168.2.101
2021-08-30 18:23:45,858 - SSH_Parser - INFO - 5425 - Username: admin
2021-08-30 18:23:46,178 - SSH_Parser - INFO - 5425 - Connected!!!
2021-08-30 18:23:46,183 - SSH_Parser - INFO - 5425 - Entering privilge EXEC mode...
2021-08-30 18:23:47,692 - SSH_Parser - INFO - 5425 - Executing command: 'show version'
2021-08-30 18:23:48,695 - SSH_Parser - INFO - 5425 - Received output
2021-08-30 18:23:48,695 - SSH_Parser - INFO - 5425 - IOS version       : 15.4(2)T4,
2021-08-30 18:23:48,695 - SSH_Parser - INFO - 5425 - Model             : Software
2021-08-30 18:23:48,695 - SSH_Parser - INFO - 5425 - Serial number     : 67108880
2021-08-30 18:23:48,695 - SSH_Parser - INFO - 5425 - Hostname          : R1
2021-08-30 18:23:48,695 - SSH_Parser - INFO - 5425 - Uptime            : 47 minutes
2021-08-30 18:23:48,695 - SSH_Parser - INFO - 5425 - Completed!
2021-08-30 18:24:03,723 - SSH_Parser - INFO - 5425 - Connecting to the device: 192.168.2.101
2021-08-30 18:24:03,723 - SSH_Parser - INFO - 5425 - Username: admin
2021-08-30 18:24:04,032 - SSH_Parser - INFO - 5425 - Connected!!!
2021-08-30 18:24:04,037 - SSH_Parser - INFO - 5425 - Entering privilge EXEC mode...
2021-08-30 18:24:05,544 - SSH_Parser - INFO - 5425 - Executing command: 'show version'
2021-08-30 18:24:06,547 - SSH_Parser - INFO - 5425 - Received output
2021-08-30 18:24:06,548 - SSH_Parser - INFO - 5425 - IOS version       : 15.4(2)T4,
2021-08-30 18:24:06,548 - SSH_Parser - INFO - 5425 - Model             : Software
2021-08-30 18:24:06,548 - SSH_Parser - INFO - 5425 - Serial number     : 67108880
2021-08-30 18:24:06,549 - SSH_Parser - INFO - 5425 - Hostname          : R1
2021-08-30 18:24:06,549 - SSH_Parser - INFO - 5425 - Uptime            : 48 minutes
2021-08-30 18:24:06,550 - SSH_Parser - INFO - 5425 - Completed!
2021-08-30 18:24:21,584 - SSH_Parser - INFO - 5425 - Connecting to the device: 192.168.2.101
2021-08-30 18:24:21,584 - SSH_Parser - INFO - 5425 - Username: admin
2021-08-30 18:24:21,907 - SSH_Parser - INFO - 5425 - Connected!!!
2021-08-30 18:24:21,911 - SSH_Parser - INFO - 5425 - Entering privilge EXEC mode...
2021-08-30 18:24:23,420 - SSH_Parser - INFO - 5425 - Executing command: 'show version'
2021-08-30 18:24:24,422 - SSH_Parser - INFO - 5425 - Received output
2021-08-30 18:24:24,422 - SSH_Parser - INFO - 5425 - IOS version       : 15.4(2)T4,
2021-08-30 18:24:24,422 - SSH_Parser - INFO - 5425 - Model             : Software
2021-08-30 18:24:24,422 - SSH_Parser - INFO - 5425 - Serial number     : 67108880
2021-08-30 18:24:24,423 - SSH_Parser - INFO - 5425 - Hostname          : R1
2021-08-30 18:24:24,423 - SSH_Parser - INFO - 5425 - Uptime            : 48 minutes
2021-08-30 18:24:24,423 - SSH_Parser - INFO - 5425 - Completed!
2021-08-30 18:24:39,462 - SSH_Parser - INFO - 5425 - Connecting to the device: 192.168.2.101
2021-08-30 18:24:39,463 - SSH_Parser - INFO - 5425 - Username: admin
2021-08-30 18:24:39,796 - SSH_Parser - INFO - 5425 - Connected!!!
2021-08-30 18:24:39,801 - SSH_Parser - INFO - 5425 - Entering privilge EXEC mode...
2021-08-30 18:24:41,308 - SSH_Parser - INFO - 5425 - Executing command: 'show version'
2021-08-30 18:24:42,311 - SSH_Parser - INFO - 5425 - Received output
2021-08-30 18:24:42,312 - SSH_Parser - INFO - 5425 - IOS version       : 15.4(2)T4,
2021-08-30 18:24:42,312 - SSH_Parser - INFO - 5425 - Model             : Software
2021-08-30 18:24:42,312 - SSH_Parser - INFO - 5425 - Serial number     : 67108880
2021-08-30 18:24:42,313 - SSH_Parser - INFO - 5425 - Hostname          : R1
2021-08-30 18:24:42,313 - SSH_Parser - INFO - 5425 - Uptime            : 48 minutes
2021-08-30 18:24:42,313 - SSH_Parser - INFO - 5425 - Completed!
2021-08-30 18:24:57,345 - SSH_Parser - INFO - 5425 - Connecting to the device: 192.168.2.101
2021-08-30 18:24:57,345 - SSH_Parser - INFO - 5425 - Username: admin
2021-08-30 18:24:57,659 - SSH_Parser - INFO - 5425 - Connected!!!
2021-08-30 18:24:57,667 - SSH_Parser - INFO - 5425 - Entering privilge EXEC mode...
2021-08-30 18:24:59,175 - SSH_Parser - INFO - 5425 - Executing command: 'show version'
2021-08-30 18:25:00,177 - SSH_Parser - INFO - 5425 - Received output
2021-08-30 18:25:00,178 - SSH_Parser - INFO - 5425 - IOS version       : 15.4(2)T4,
2021-08-30 18:25:00,178 - SSH_Parser - INFO - 5425 - Model             : Software
2021-08-30 18:25:00,178 - SSH_Parser - INFO - 5425 - Serial number     : 67108880
2021-08-30 18:25:00,179 - SSH_Parser - INFO - 5425 - Hostname          : R1
2021-08-30 18:25:00,179 - SSH_Parser - INFO - 5425 - Uptime            : 49 minutes
2021-08-30 18:25:00,179 - SSH_Parser - INFO - 5425 - Completed!
2021-08-30 18:25:15,208 - SSH_Parser - INFO - 5425 - Connecting to the device: 192.168.2.101
2021-08-30 18:25:15,208 - SSH_Parser - INFO - 5425 - Username: admin
2021-08-30 18:25:15,520 - SSH_Parser - INFO - 5425 - Connected!!!
2021-08-30 18:25:15,528 - SSH_Parser - INFO - 5425 - Entering privilge EXEC mode...
2021-08-30 18:25:16,245 - SSH_Parser - CRITICAL - 5425 - Unable to connect to the device
2021-08-30 18:25:39,351 - SSH_Parser - INFO - 5425 - Connecting to the device: 192.168.2.101
2021-08-30 18:25:39,352 - SSH_Parser - INFO - 5425 - Username: admin
2021-08-30 18:25:39,727 - SSH_Parser - INFO - 5425 - Connected!!!
2021-08-30 18:25:39,731 - SSH_Parser - INFO - 5425 - Entering privilge EXEC mode...
2021-08-30 18:25:41,236 - SSH_Parser - INFO - 5425 - Executing command: 'show version'
2021-08-30 18:25:42,240 - SSH_Parser - INFO - 5425 - Received output
2021-08-30 18:25:42,240 - SSH_Parser - INFO - 5425 - IOS version       : 15.4(2)T4,
2021-08-30 18:25:42,240 - SSH_Parser - INFO - 5425 - Model             : Software
2021-08-30 18:25:42,240 - SSH_Parser - INFO - 5425 - Serial number     : 67108880
2021-08-30 18:25:42,241 - SSH_Parser - INFO - 5425 - Hostname          : R1
2021-08-30 18:25:42,241 - SSH_Parser - INFO - 5425 - Uptime            : 49 minutes
2021-08-30 18:25:42,241 - SSH_Parser - INFO - 5425 - Completed!
2021-08-30 18:25:57,274 - SSH_Parser - INFO - 5425 - Connecting to the device: 192.168.2.101
2021-08-30 18:25:57,274 - SSH_Parser - INFO - 5425 - Username: admin
2021-08-30 18:25:57,604 - SSH_Parser - INFO - 5425 - Connected!!!
2021-08-30 18:25:57,611 - SSH_Parser - INFO - 5425 - Entering privilge EXEC mode...
2021-08-30 18:25:59,117 - SSH_Parser - INFO - 5425 - Executing command: 'show version'
2021-08-30 18:26:00,121 - SSH_Parser - INFO - 5425 - Received output
2021-08-30 18:26:00,121 - SSH_Parser - INFO - 5425 - IOS version       : 15.4(2)T4,
2021-08-30 18:26:00,121 - SSH_Parser - INFO - 5425 - Model             : Software
2021-08-30 18:26:00,122 - SSH_Parser - INFO - 5425 - Serial number     : 67108880
2021-08-30 18:26:00,122 - SSH_Parser - INFO - 5425 - Hostname          : R1
2021-08-30 18:26:00,122 - SSH_Parser - INFO - 5425 - Uptime            : 50 minutes
2021-08-30 18:26:00,122 - SSH_Parser - INFO - 5425 - Completed!
2021-08-30 18:26:15,154 - SSH_Parser - INFO - 5425 - Connecting to the device: 192.168.2.101
2021-08-30 18:26:15,154 - SSH_Parser - INFO - 5425 - Username: admin
2021-08-30 18:26:15,527 - SSH_Parser - INFO - 5425 - Connected!!!
2021-08-30 18:26:15,533 - SSH_Parser - INFO - 5425 - Entering privilge EXEC mode...
2021-08-30 18:26:17,039 - SSH_Parser - INFO - 5425 - Executing command: 'show version'
2021-08-30 18:26:17,793 - SSH_Parser - CRITICAL - 5425 - Unable to connect to the device
